<?xml version="1.0" encoding="UTF-8"?>
<testng-results skipped="0" failed="0" total="1" passed="1">
  <reporter-output>
  </reporter-output>
  <suite name="Default suite" duration-ms="74385" started-at="2018-02-22T13:27:13Z" finished-at="2018-02-22T13:28:27Z">
    <groups>
    </groups>
    <test name="Default test" duration-ms="74385" started-at="2018-02-22T13:27:13Z" finished-at="2018-02-22T13:28:27Z">
      <class name="hu.HNODE">
        <test-method status="PASS" signature="asd()[pri:0, instance:hu.HNODE@52d455b8]" name="asd" duration-ms="74369" started-at="2018-02-22T18:57:13Z" finished-at="2018-02-22T18:58:27Z">
          <reporter-output>
          </reporter-output>
        </test-method> <!-- asd -->
      </class> <!-- hu.HNODE -->
    </test> <!-- Default test -->
  </suite> <!-- Default suite -->
</testng-results>
